<?xml version="1.0" encoding="UTF-8"?>
<testng-results ignored="0" total="1" passed="1" failed="0" skipped="0">
  <reporter-output>
  </reporter-output>
  <suite started-at="2022-09-09T12:40:51 IST" name="Suite" finished-at="2022-09-09T12:41:35 IST" duration-ms="43961">
    <groups>
    </groups>
    <test started-at="2022-09-09T12:40:51 IST" name="Test" finished-at="2022-09-09T12:41:35 IST" duration-ms="43961">
      <class name="com.qa.testLayer.RegisterPatientTestCase">
        <test-method is-config="true" signature="start()[pri:0, instance:com.qa.testLayer.RegisterPatientTestCase@1aa7ecca]" started-at="2022-09-09T12:40:51 IST" name="start" finished-at="2022-09-09T12:40:51 IST" duration-ms="110" status="PASS">
          <reporter-output>
          </reporter-output>
        </test-method> <!-- start -->
        <test-method is-config="true" signature="suit(java.lang.String)[pri:0, instance:com.qa.testLayer.RegisterPatientTestCase@1aa7ecca]" started-at="2022-09-09T12:40:51 IST" name="suit" finished-at="2022-09-09T12:41:04 IST" duration-ms="13155" status="PASS">
          <params>
            <param index="0">
              <value>
                <![CDATA[chrome]]>
              </value>
            </param>
          </params>
          <reporter-output>
          </reporter-output>
        </test-method> <!-- suit -->
        <test-method signature="registerPatient()[pri:0, instance:com.qa.testLayer.RegisterPatientTestCase@1aa7ecca]" started-at="2022-09-09T12:41:04 IST" name="registerPatient" finished-at="2022-09-09T12:41:35 IST" duration-ms="30413" status="PASS">
          <reporter-output>
          </reporter-output>
        </test-method> <!-- registerPatient -->
        <test-method is-config="true" signature="teardown()[pri:0, instance:com.qa.testLayer.RegisterPatientTestCase@1aa7ecca]" started-at="2022-09-09T12:41:35 IST" name="teardown" finished-at="2022-09-09T12:41:35 IST" duration-ms="0" status="PASS">
          <reporter-output>
          </reporter-output>
        </test-method> <!-- teardown -->
        <test-method is-config="true" signature="stop()[pri:0, instance:com.qa.testLayer.RegisterPatientTestCase@1aa7ecca]" started-at="2022-09-09T12:41:35 IST" name="stop" finished-at="2022-09-09T12:41:35 IST" duration-ms="0" status="PASS">
          <reporter-output>
          </reporter-output>
        </test-method> <!-- stop -->
      </class> <!-- com.qa.testLayer.RegisterPatientTestCase -->
    </test> <!-- Test -->
  </suite> <!-- Suite -->
</testng-results>
